2021-01-10 23:00:45.059 [main] DEBUG org.springframework.context.support.ClassPathXmlApplicationContext - Refreshing org.springframework.context.support.ClassPathXmlApplicationContext@f900b088
2021-01-10 23:00:45.306 [main] DEBUG org.springframework.context.annotation.ClassPathBeanDefinitionScanner - Ignored because not a concrete top-level class: file [/var/home/viacheslavbondarchuk/Projects/file-space-backend/target/classes/hbv/com/ua/annotation/HttpController.class]
2021-01-10 23:00:45.313 [main] DEBUG org.springframework.context.annotation.ClassPathBeanDefinitionScanner - Identified candidate component class: file [/var/home/viacheslavbondarchuk/Projects/file-space-backend/target/classes/hbv/com/ua/controller/impl/DriverController.class]
2021-01-10 23:00:45.314 [main] DEBUG org.springframework.context.annotation.ClassPathBeanDefinitionScanner - Identified candidate component class: file [/var/home/viacheslavbondarchuk/Projects/file-space-backend/target/classes/hbv/com/ua/controller/impl/UserController.class]
2021-01-10 23:00:45.316 [main] DEBUG org.springframework.context.annotation.ClassPathBeanDefinitionScanner - Identified candidate component class: file [/var/home/viacheslavbondarchuk/Projects/file-space-backend/target/classes/hbv/com/ua/filter/HeaderHttpFilter.class]
2021-01-10 23:00:45.329 [main] DEBUG org.springframework.context.annotation.ClassPathBeanDefinitionScanner - Identified candidate component class: file [/var/home/viacheslavbondarchuk/Projects/file-space-backend/target/classes/hbv/com/ua/security/WebSecurityConfiguration.class]
2021-01-10 23:00:45.333 [main] DEBUG org.springframework.context.annotation.ClassPathBeanDefinitionScanner - Identified candidate component class: file [/var/home/viacheslavbondarchuk/Projects/file-space-backend/target/classes/hbv/com/ua/service/mybatis/impl/AsyncMybatisUserService.class]
2021-01-10 23:00:45.369 [main] DEBUG org.springframework.beans.factory.xml.XmlBeanDefinitionReader - Loaded 27 bean definitions from class path resource [context/application-context.xml]
2021-01-10 23:00:45.404 [main] DEBUG org.springframework.beans.factory.support.DefaultListableBeanFactory - Creating shared instance of singleton bean 'org.springframework.context.annotation.internalConfigurationAnnotationProcessor'
2021-01-10 23:00:45.515 [main] DEBUG org.springframework.beans.factory.support.DefaultListableBeanFactory - Creating shared instance of singleton bean 'org.mybatis.spring.mapper.MapperScannerConfigurer#0'
2021-01-10 23:00:45.539 [main] DEBUG org.springframework.beans.factory.support.DefaultListableBeanFactory - Creating shared instance of singleton bean 'sourcesPlaceholderConfigurer'
2021-01-10 23:00:45.618 [main] DEBUG org.apache.ibatis.logging.LogFactory - Logging initialized using 'class org.apache.ibatis.logging.slf4j.Slf4jImpl' adapter.
2021-01-10 23:00:45.621 [main] DEBUG org.mybatis.spring.mapper.ClassPathMapperScanner - Identified candidate component class: file [/var/home/viacheslavbondarchuk/Projects/file-space-backend/target/classes/hbv/com/ua/repository/mybatis/impl/UserRepository.class]
2021-01-10 23:00:45.622 [main] DEBUG org.mybatis.spring.mapper.ClassPathMapperScanner - Creating MapperFactoryBean with name 'userRepository' and 'hbv.com.ua.repository.mybatis.impl.UserRepository' mapperInterface
2021-01-10 23:00:45.696 [main] DEBUG org.springframework.core.env.PropertySourcesPropertyResolver - Found key 'mybatis.postgres.username' in PropertySource 'localProperties' with value of type String
2021-01-10 23:00:45.697 [main] DEBUG org.springframework.core.env.PropertySourcesPropertyResolver - Found key 'mybatis.postgres.password' in PropertySource 'localProperties' with value of type String
2021-01-10 23:00:45.697 [main] DEBUG org.springframework.core.env.PropertySourcesPropertyResolver - Found key 'mybatis.postgres.url' in PropertySource 'localProperties' with value of type String
2021-01-10 23:00:45.697 [main] DEBUG org.springframework.core.env.PropertySourcesPropertyResolver - Found key 'mybatis.postgres.host' in PropertySource 'localProperties' with value of type String
2021-01-10 23:00:45.698 [main] DEBUG org.springframework.core.env.PropertySourcesPropertyResolver - Found key 'mybatis.postgres.port' in PropertySource 'localProperties' with value of type String
2021-01-10 23:00:45.698 [main] DEBUG org.springframework.core.env.PropertySourcesPropertyResolver - Found key 'mybatis.postgres.db' in PropertySource 'localProperties' with value of type String
2021-01-10 23:00:45.698 [main] DEBUG org.springframework.core.env.PropertySourcesPropertyResolver - Found key 'mybatis.config.driver' in PropertySource 'localProperties' with value of type String
2021-01-10 23:00:45.699 [main] DEBUG org.springframework.beans.factory.support.DefaultListableBeanFactory - Creating shared instance of singleton bean 'org.springframework.context.event.internalEventListenerProcessor'
2021-01-10 23:00:45.700 [main] DEBUG org.springframework.beans.factory.support.DefaultListableBeanFactory - Creating shared instance of singleton bean 'conversionServicePostProcessor'
2021-01-10 23:00:45.703 [main] DEBUG org.springframework.beans.factory.support.DefaultListableBeanFactory - Creating shared instance of singleton bean 'org.springframework.context.event.internalEventListenerFactory'
2021-01-10 23:00:45.704 [main] DEBUG org.springframework.beans.factory.support.DefaultListableBeanFactory - Creating shared instance of singleton bean 'org.springframework.transaction.config.internalTransactionalEventListenerFactory'
2021-01-10 23:00:45.955 [main] DEBUG org.springframework.beans.factory.support.DefaultListableBeanFactory - Creating shared instance of singleton bean 'org.springframework.context.annotation.internalAutowiredAnnotationProcessor'
2021-01-10 23:00:45.957 [main] DEBUG org.springframework.beans.factory.support.DefaultListableBeanFactory - Creating shared instance of singleton bean 'org.springframework.context.annotation.internalCommonAnnotationProcessor'
2021-01-10 23:00:45.961 [main] DEBUG org.springframework.beans.factory.support.DefaultListableBeanFactory - Creating shared instance of singleton bean 'org.springframework.aop.config.internalAutoProxyCreator'
2021-01-10 23:00:45.987 [main] DEBUG org.springframework.beans.factory.support.DefaultListableBeanFactory - Creating shared instance of singleton bean 'driverController'
2021-01-10 23:00:45.990 [main] DEBUG org.springframework.beans.factory.support.DefaultListableBeanFactory - Creating shared instance of singleton bean 'org.springframework.transaction.config.internalTransactionAdvisor'
2021-01-10 23:00:45.992 [main] DEBUG org.springframework.beans.factory.support.DefaultListableBeanFactory - Creating shared instance of singleton bean 'org.springframework.transaction.annotation.AnnotationTransactionAttributeSource#0'
2021-01-10 23:00:46.005 [main] DEBUG org.springframework.beans.factory.support.DefaultListableBeanFactory - Creating shared instance of singleton bean 'userController'
2021-01-10 23:00:46.017 [main] DEBUG org.springframework.beans.factory.support.DefaultListableBeanFactory - Creating shared instance of singleton bean 'asyncMybatisUserService'
2021-01-10 23:00:46.021 [main] DEBUG org.springframework.beans.factory.support.DefaultListableBeanFactory - Creating shared instance of singleton bean 'userRepository'
2021-01-10 23:00:46.026 [main] DEBUG org.springframework.beans.factory.support.DefaultListableBeanFactory - Creating shared instance of singleton bean 'sqlSessionFactoryBean'
2021-01-10 23:00:46.028 [main] DEBUG org.springframework.beans.factory.support.DefaultListableBeanFactory - Creating shared instance of singleton bean 'hikariDataSource'
2021-01-10 23:00:46.034 [main] DEBUG org.springframework.beans.factory.support.DefaultListableBeanFactory - Creating shared instance of singleton bean 'pooledDataSource'
2021-01-10 23:00:46.051 [main] DEBUG org.apache.ibatis.datasource.pooled.PooledDataSource - PooledDataSource forcefully closed/removed all connections.
2021-01-10 23:00:46.051 [main] DEBUG org.apache.ibatis.datasource.pooled.PooledDataSource - PooledDataSource forcefully closed/removed all connections.
2021-01-10 23:00:46.051 [main] DEBUG org.apache.ibatis.datasource.pooled.PooledDataSource - PooledDataSource forcefully closed/removed all connections.
2021-01-10 23:00:46.052 [main] DEBUG org.apache.ibatis.datasource.pooled.PooledDataSource - PooledDataSource forcefully closed/removed all connections.
2021-01-10 23:00:46.155 [main] DEBUG org.mybatis.spring.SqlSessionFactoryBean - Parsed configuration file: 'class path resource [config/mybatis/sql-config.xml]'
2021-01-10 23:00:46.204 [main] DEBUG org.mybatis.spring.SqlSessionFactoryBean - Parsed mapper file: 'file [/var/home/viacheslavbondarchuk/Projects/file-space-backend/target/classes/config/mybatis/mapper/user-mapper.xml]'
2021-01-10 23:00:46.218 [main] DEBUG org.springframework.beans.factory.support.DefaultListableBeanFactory - Autowiring by type from bean name 'asyncMybatisUserService' via constructor to bean named 'userRepository'
2021-01-10 23:00:46.222 [main] DEBUG org.springframework.beans.factory.support.DefaultListableBeanFactory - Creating shared instance of singleton bean 'bCryptPasswordEncoder'
2021-01-10 23:00:46.230 [main] DEBUG org.springframework.beans.factory.support.DefaultListableBeanFactory - Creating shared instance of singleton bean 'org.springframework.transaction.interceptor.TransactionInterceptor#0'
2021-01-10 23:00:46.257 [main] DEBUG org.springframework.beans.factory.support.DefaultListableBeanFactory - Creating shared instance of singleton bean 'headerHttpFilter'
2021-01-10 23:00:46.260 [main] DEBUG org.springframework.beans.factory.support.DefaultListableBeanFactory - Creating shared instance of singleton bean 'webSecurityConfiguration'
2021-01-10 23:00:46.272 [main] DEBUG org.springframework.beans.factory.support.DefaultListableBeanFactory - Creating shared instance of singleton bean 'objectPostProcessor'
2021-01-10 23:00:46.272 [main] DEBUG org.springframework.beans.factory.support.DefaultListableBeanFactory - Creating shared instance of singleton bean 'org.springframework.security.config.annotation.configuration.ObjectPostProcessorConfiguration'
2021-01-10 23:00:46.274 [main] DEBUG org.springframework.beans.factory.support.DefaultListableBeanFactory - Autowiring by type from bean name 'objectPostProcessor' via factory method to bean named 'org.springframework.beans.factory.support.DefaultListableBeanFactory@b4ec2e05'
2021-01-10 23:00:46.280 [main] DEBUG org.springframework.beans.factory.support.DefaultListableBeanFactory - Creating shared instance of singleton bean 'org.springframework.security.config.annotation.authentication.configuration.AuthenticationConfiguration'
2021-01-10 23:00:46.283 [main] DEBUG org.springframework.beans.factory.support.DefaultListableBeanFactory - Creating shared instance of singleton bean 'enableGlobalAuthenticationAutowiredConfigurer'
2021-01-10 23:00:46.284 [main] DEBUG org.springframework.beans.factory.support.DefaultListableBeanFactory - Autowiring by type from bean name 'enableGlobalAuthenticationAutowiredConfigurer' via factory method to bean named 'org.springframework.context.support.ClassPathXmlApplicationContext@f900b088'
2021-01-10 23:00:46.286 [main] DEBUG org.springframework.beans.factory.support.DefaultListableBeanFactory - Creating shared instance of singleton bean 'initializeUserDetailsBeanManagerConfigurer'
2021-01-10 23:00:46.286 [main] DEBUG org.springframework.beans.factory.support.DefaultListableBeanFactory - Autowiring by type from bean name 'initializeUserDetailsBeanManagerConfigurer' via factory method to bean named 'org.springframework.context.support.ClassPathXmlApplicationContext@f900b088'
2021-01-10 23:00:46.287 [main] DEBUG org.springframework.beans.factory.support.DefaultListableBeanFactory - Creating shared instance of singleton bean 'initializeAuthenticationProviderBeanManagerConfigurer'
2021-01-10 23:00:46.288 [main] DEBUG org.springframework.beans.factory.support.DefaultListableBeanFactory - Autowiring by type from bean name 'initializeAuthenticationProviderBeanManagerConfigurer' via factory method to bean named 'org.springframework.context.support.ClassPathXmlApplicationContext@f900b088'
2021-01-10 23:00:46.296 [main] DEBUG org.springframework.beans.factory.support.DefaultListableBeanFactory - Creating shared instance of singleton bean 'propertiesUtil'
2021-01-10 23:00:46.298 [main] DEBUG org.springframework.beans.factory.support.DefaultListableBeanFactory - Creating shared instance of singleton bean 'sqlSessionTemplate'
2021-01-10 23:00:46.303 [main] DEBUG org.springframework.beans.factory.support.DefaultListableBeanFactory - Creating shared instance of singleton bean 'jdbcTransactionManager'
2021-01-10 23:00:46.310 [main] DEBUG org.springframework.beans.factory.support.DefaultListableBeanFactory - Creating shared instance of singleton bean 'classicConfiguration'
2021-01-10 23:00:46.334 [main] DEBUG org.springframework.beans.factory.support.DefaultListableBeanFactory - Creating shared instance of singleton bean 'flyway'
2021-01-10 23:00:46.342 [main] DEBUG org.flywaydb.core.internal.scanner.classpath.ClassPathScanner - Scanning for classpath resources at 'classpath:db/callback' ...
2021-01-10 23:00:46.343 [main] DEBUG org.flywaydb.core.internal.scanner.classpath.ClassPathScanner - Determining location urls for classpath:db/callback using ClassLoader jdk.internal.loader.ClassLoaders$AppClassLoader@9dd5afb9 ...
2021-01-10 23:00:46.343 [main] DEBUG org.flywaydb.core.internal.scanner.classpath.ClassPathScanner - Unable to resolve location classpath:db/callback.
2021-01-10 23:00:46.344 [main] DEBUG org.springframework.beans.factory.support.DefaultListableBeanFactory - Creating shared instance of singleton bean 'undertowContainer'
2021-01-10 23:00:46.358 [main] DEBUG org.jboss.logging - Logging Provider: org.jboss.logging.Log4j2LoggerProvider
2021-01-10 23:00:46.364 [main] INFO  io.undertow - starting server: Undertow - 2.1.0.Final
2021-01-10 23:00:46.370 [main] INFO  org.xnio - XNIO version 3.8.0.Final
2021-01-10 23:00:46.390 [main] INFO  org.xnio.nio - XNIO NIO Implementation Version 3.8.0.Final
2021-01-10 23:00:46.410 [main] INFO  org.jboss.threads - JBoss Threads version 3.1.0.Final
2021-01-10 23:00:46.419 [XNIO-1 I/O-4] DEBUG org.xnio.nio - Started channel thread 'XNIO-1 I/O-4', selector sun.nio.ch.EPollSelectorImpl@ad531f33
2021-01-10 23:00:46.420 [XNIO-1 I/O-5] DEBUG org.xnio.nio - Started channel thread 'XNIO-1 I/O-5', selector sun.nio.ch.EPollSelectorImpl@98950228
2021-01-10 23:00:46.420 [XNIO-1 I/O-3] DEBUG org.xnio.nio - Started channel thread 'XNIO-1 I/O-3', selector sun.nio.ch.EPollSelectorImpl@70fd5b3d
2021-01-10 23:00:46.420 [XNIO-1 I/O-7] DEBUG org.xnio.nio - Started channel thread 'XNIO-1 I/O-7', selector sun.nio.ch.EPollSelectorImpl@3e510f3f
2021-01-10 23:00:46.420 [XNIO-1 I/O-1] DEBUG org.xnio.nio - Started channel thread 'XNIO-1 I/O-1', selector sun.nio.ch.EPollSelectorImpl@ccaaf011
2021-01-10 23:00:46.420 [XNIO-1 I/O-2] DEBUG org.xnio.nio - Started channel thread 'XNIO-1 I/O-2', selector sun.nio.ch.EPollSelectorImpl@513cd128
2021-01-10 23:00:46.420 [XNIO-1 I/O-6] DEBUG org.xnio.nio - Started channel thread 'XNIO-1 I/O-6', selector sun.nio.ch.EPollSelectorImpl@fb0548ff
2021-01-10 23:00:46.420 [XNIO-1 I/O-8] DEBUG org.xnio.nio - Started channel thread 'XNIO-1 I/O-8', selector sun.nio.ch.EPollSelectorImpl@c4675202
2021-01-10 23:00:46.421 [XNIO-1 I/O-10] DEBUG org.xnio.nio - Started channel thread 'XNIO-1 I/O-10', selector sun.nio.ch.EPollSelectorImpl@5c5d6df3
2021-01-10 23:00:46.421 [XNIO-1 I/O-12] DEBUG org.xnio.nio - Started channel thread 'XNIO-1 I/O-12', selector sun.nio.ch.EPollSelectorImpl@24d6f61f
2021-01-10 23:00:46.421 [XNIO-1 I/O-9] DEBUG org.xnio.nio - Started channel thread 'XNIO-1 I/O-9', selector sun.nio.ch.EPollSelectorImpl@479f8
2021-01-10 23:00:46.421 [XNIO-1 I/O-11] DEBUG org.xnio.nio - Started channel thread 'XNIO-1 I/O-11', selector sun.nio.ch.EPollSelectorImpl@b17687fc
2021-01-10 23:00:46.421 [main] DEBUG io.undertow - Configuring listener with protocol HTTP for interface 127.0.0.1 and port 8080
2021-01-10 23:00:46.421 [XNIO-1 Accept] DEBUG org.xnio.nio - Started channel thread 'XNIO-1 Accept', selector sun.nio.ch.EPollSelectorImpl@9dff74c7
2021-01-10 23:00:46.451 [main] DEBUG org.springframework.beans.factory.support.DefaultListableBeanFactory - Creating shared instance of singleton bean 'authenticationManagerBuilder'
2021-01-10 23:00:46.452 [main] DEBUG org.springframework.beans.factory.support.DefaultListableBeanFactory - Autowiring by type from bean name 'authenticationManagerBuilder' via factory method to bean named 'objectPostProcessor'
2021-01-10 23:00:46.452 [main] DEBUG org.springframework.beans.factory.support.DefaultListableBeanFactory - Autowiring by type from bean name 'authenticationManagerBuilder' via factory method to bean named 'org.springframework.context.support.ClassPathXmlApplicationContext@f900b088'
2021-01-10 23:00:46.456 [main] DEBUG org.springframework.beans.factory.support.DefaultListableBeanFactory - Creating shared instance of singleton bean 'org.springframework.security.config.annotation.web.configuration.WebSecurityConfiguration'
2021-01-10 23:00:46.462 [main] DEBUG org.springframework.beans.factory.support.DefaultListableBeanFactory - Creating shared instance of singleton bean 'autowiredWebSecurityConfigurersIgnoreParents'
2021-01-10 23:00:46.466 [main] DEBUG org.springframework.beans.factory.support.DefaultListableBeanFactory - Autowiring by type from bean name 'autowiredWebSecurityConfigurersIgnoreParents' via factory method to bean named 'org.springframework.beans.factory.support.DefaultListableBeanFactory@b4ec2e05'
2021-01-10 23:00:46.477 [main] DEBUG org.springframework.beans.factory.support.DefaultListableBeanFactory - Creating shared instance of singleton bean 'delegatingApplicationListener'
2021-01-10 23:00:46.478 [main] DEBUG org.springframework.beans.factory.support.DefaultListableBeanFactory - Creating shared instance of singleton bean 'springSecurityFilterChain'
2021-01-10 23:00:46.559 [main] DEBUG org.springframework.security.web.access.expression.ExpressionBasedFilterInvocationSecurityMetadataSource - Adding web access control expression [permitAll] for Ant [pattern='/users', POST]
2021-01-10 23:00:46.559 [main] DEBUG org.springframework.security.web.access.expression.ExpressionBasedFilterInvocationSecurityMetadataSource - Adding web access control expression [fullyAuthenticated] for any request
2021-01-10 23:00:46.570 [main] INFO  org.springframework.security.web.DefaultSecurityFilterChain - Will secure any request with [org.springframework.security.web.context.request.async.WebAsyncManagerIntegrationFilter@a24cf403, org.springframework.security.web.context.SecurityContextPersistenceFilter@7238fa71, org.springframework.security.web.header.HeaderWriterFilter@6fc037d5, org.springframework.security.web.csrf.CsrfFilter@6fc950b6, org.springframework.security.web.authentication.logout.LogoutFilter@24fdbd02, org.springframework.security.web.authentication.UsernamePasswordAuthenticationFilter@250e8a82, org.springframework.security.web.authentication.ui.DefaultLoginPageGeneratingFilter@72a79fe7, org.springframework.security.web.authentication.ui.DefaultLogoutPageGeneratingFilter@db768789, org.springframework.security.web.savedrequest.RequestCacheAwareFilter@bc49718d, org.springframework.security.web.servletapi.SecurityContextHolderAwareRequestFilter@942c2008, org.springframework.security.web.authentication.AnonymousAuthenticationFilter@b4b5fbe8, org.springframework.security.web.session.SessionManagementFilter@9597cebd, org.springframework.security.web.access.ExceptionTranslationFilter@9afeb57e, org.springframework.security.web.access.intercept.FilterSecurityInterceptor@4ca5f39]
2021-01-10 23:00:46.577 [main] DEBUG org.springframework.beans.factory.support.DefaultListableBeanFactory - Creating shared instance of singleton bean 'webSecurityExpressionHandler'
2021-01-10 23:00:46.577 [main] DEBUG org.springframework.beans.factory.support.DefaultListableBeanFactory - Creating shared instance of singleton bean 'privilegeEvaluator'
2021-01-10 23:00:46.578 [main] DEBUG org.springframework.beans.factory.support.DefaultListableBeanFactory - Creating shared instance of singleton bean 'org.springframework.security.config.annotation.web.configuration.HttpSecurityConfiguration'
2021-01-10 23:01:05.543 [XNIO-1 task-1] DEBUG io.undertow.request - Matched exact path /users
2021-01-10 23:01:05.693 [XNIO-1 task-1] DEBUG org.springframework.jdbc.support.JdbcTransactionManager - Creating new transaction with name [hbv.com.ua.service.mybatis.impl.AsyncMybatisUserService.create]: PROPAGATION_REQUIRED,ISOLATION_DEFAULT
2021-01-10 23:01:05.694 [XNIO-1 task-1] DEBUG com.zaxxer.hikari.HikariConfig - HikariPool-1 - configuration:
2021-01-10 23:01:05.697 [XNIO-1 task-1] DEBUG com.zaxxer.hikari.HikariConfig - allowPoolSuspension.............false
2021-01-10 23:01:05.698 [XNIO-1 task-1] DEBUG com.zaxxer.hikari.HikariConfig - autoCommit......................true
2021-01-10 23:01:05.698 [XNIO-1 task-1] DEBUG com.zaxxer.hikari.HikariConfig - catalog.........................none
2021-01-10 23:01:05.698 [XNIO-1 task-1] DEBUG com.zaxxer.hikari.HikariConfig - connectionInitSql...............none
2021-01-10 23:01:05.698 [XNIO-1 task-1] DEBUG com.zaxxer.hikari.HikariConfig - connectionTestQuery.............none
2021-01-10 23:01:05.699 [XNIO-1 task-1] DEBUG com.zaxxer.hikari.HikariConfig - connectionTimeout...............30000
2021-01-10 23:01:05.699 [XNIO-1 task-1] DEBUG com.zaxxer.hikari.HikariConfig - dataSource......................org.apache.ibatis.datasource.pooled.PooledDataSource@800e1c9d
2021-01-10 23:01:05.699 [XNIO-1 task-1] DEBUG com.zaxxer.hikari.HikariConfig - dataSourceClassName.............none
2021-01-10 23:01:05.699 [XNIO-1 task-1] DEBUG com.zaxxer.hikari.HikariConfig - dataSourceJNDI..................none
2021-01-10 23:01:05.700 [XNIO-1 task-1] DEBUG com.zaxxer.hikari.HikariConfig - dataSourceProperties............{password=<masked>}
2021-01-10 23:01:05.700 [XNIO-1 task-1] DEBUG com.zaxxer.hikari.HikariConfig - driverClassName.................none
2021-01-10 23:01:05.700 [XNIO-1 task-1] DEBUG com.zaxxer.hikari.HikariConfig - exceptionOverrideClassName......none
2021-01-10 23:01:05.700 [XNIO-1 task-1] DEBUG com.zaxxer.hikari.HikariConfig - healthCheckProperties...........{}
2021-01-10 23:01:05.701 [XNIO-1 task-1] DEBUG com.zaxxer.hikari.HikariConfig - healthCheckRegistry.............none
2021-01-10 23:01:05.701 [XNIO-1 task-1] DEBUG com.zaxxer.hikari.HikariConfig - idleTimeout.....................600000
2021-01-10 23:01:05.701 [XNIO-1 task-1] DEBUG com.zaxxer.hikari.HikariConfig - initializationFailTimeout.......1
2021-01-10 23:01:05.701 [XNIO-1 task-1] DEBUG com.zaxxer.hikari.HikariConfig - isolateInternalQueries..........false
2021-01-10 23:01:05.701 [XNIO-1 task-1] DEBUG com.zaxxer.hikari.HikariConfig - jdbcUrl.........................none
2021-01-10 23:01:05.702 [XNIO-1 task-1] DEBUG com.zaxxer.hikari.HikariConfig - leakDetectionThreshold..........0
2021-01-10 23:01:05.702 [XNIO-1 task-1] DEBUG com.zaxxer.hikari.HikariConfig - maxLifetime.....................1800000
2021-01-10 23:01:05.702 [XNIO-1 task-1] DEBUG com.zaxxer.hikari.HikariConfig - maximumPoolSize.................10
2021-01-10 23:01:05.702 [XNIO-1 task-1] DEBUG com.zaxxer.hikari.HikariConfig - metricRegistry..................none
2021-01-10 23:01:05.702 [XNIO-1 task-1] DEBUG com.zaxxer.hikari.HikariConfig - metricsTrackerFactory...........none
2021-01-10 23:01:05.703 [XNIO-1 task-1] DEBUG com.zaxxer.hikari.HikariConfig - minimumIdle.....................10
2021-01-10 23:01:05.703 [XNIO-1 task-1] DEBUG com.zaxxer.hikari.HikariConfig - password........................<masked>
2021-01-10 23:01:05.703 [XNIO-1 task-1] DEBUG com.zaxxer.hikari.HikariConfig - poolName........................"HikariPool-1"
2021-01-10 23:01:05.703 [XNIO-1 task-1] DEBUG com.zaxxer.hikari.HikariConfig - readOnly........................false
2021-01-10 23:01:05.704 [XNIO-1 task-1] DEBUG com.zaxxer.hikari.HikariConfig - registerMbeans..................false
2021-01-10 23:01:05.704 [XNIO-1 task-1] DEBUG com.zaxxer.hikari.HikariConfig - scheduledExecutor...............none
2021-01-10 23:01:05.704 [XNIO-1 task-1] DEBUG com.zaxxer.hikari.HikariConfig - schema..........................none
2021-01-10 23:01:05.704 [XNIO-1 task-1] DEBUG com.zaxxer.hikari.HikariConfig - threadFac